0 info it worked if it ends with ok
1 verbose cli [ '/home/ubuntu/.meteor/packages/meteor-tool/.1.4.2_3.iipa9m++os.linux.x86_64+web.browser+web.cordova/mt-os.linux.x86_64/dev_bundle/bin/node',
1 verbose cli   '/home/ubuntu/.meteor/packages/meteor-tool/.1.4.2_3.iipa9m++os.linux.x86_64+web.browser+web.cordova/mt-os.linux.x86_64/dev_bundle/bin/npm',
1 verbose cli   'install',
1 verbose cli   'angular/core' ]
2 info using npm@3.10.9
3 info using node@v4.6.2
4 silly loadCurrentTree Starting
5 silly install loadCurrentTree
6 silly install readLocalPackageData
7 silly fetchPackageMetaData angular/core
8 silly fetchOtherPackageData angular/core
9 silly cache add args [ 'angular/core', null ]
10 verbose cache add spec angular/core
11 silly cache add parsed spec Result {
11 silly cache add   raw: 'angular/core',
11 silly cache add   scope: null,
11 silly cache add   escapedName: null,
11 silly cache add   name: null,
11 silly cache add   rawSpec: 'angular/core',
11 silly cache add   spec: 'github:angular/core',
11 silly cache add   type: 'hosted',
11 silly cache add   hosted:
11 silly cache add    { type: 'github',
11 silly cache add      ssh: 'git@github.com:angular/core.git',
11 silly cache add      sshUrl: 'git+ssh://git@github.com/angular/core.git',
11 silly cache add      httpsUrl: 'git+https://github.com/angular/core.git',
11 silly cache add      gitUrl: 'git://github.com/angular/core.git',
11 silly cache add      shortcut: 'github:angular/core',
11 silly cache add      directUrl: 'https://raw.githubusercontent.com/angular/core/master/package.json' } }
12 verbose addRemoteGit caching angular/core
13 verbose addRemoteGit angular/core is a repository hosted by github
14 silly tryGitProto attempting to clone git://github.com/angular/core.git
15 silly tryClone cloning angular/core via git://github.com/angular/core.git
16 verbose tryClone git-github-com-angular-core-git-667ca82b not in flight; caching
17 verbose correctMkdir /home/ubuntu/.meteor/packages/meteor-tool/.1.4.2_3.iipa9m++os.linux.x86_64+web.browser+web.cordova/mt-os.linux.x86_64/dev_bundle/.npm/_git-remotes correctMkdir not in flight; initializing
18 verbose makeDirectory /home/ubuntu/.meteor/packages/meteor-tool/.1.4.2_3.iipa9m++os.linux.x86_64+web.browser+web.cordova/mt-os.linux.x86_64/dev_bundle/.npm/_git-remotes creation not in flight; initializing
19 silly makeDirectory /home/ubuntu/.meteor/packages/meteor-tool/.1.4.2_3.iipa9m++os.linux.x86_64+web.browser+web.cordova/mt-os.linux.x86_64/dev_bundle/.npm/_git-remotes uid: 1000 gid: 1000
20 info git [ 'clone',
20 info git   '--template=/home/ubuntu/.meteor/packages/meteor-tool/.1.4.2_3.iipa9m++os.linux.x86_64+web.browser+web.cordova/mt-os.linux.x86_64/dev_bundle/.npm/_git-remotes/_templates',
20 info git   '--mirror',
20 info git   'git://github.com/angular/core.git',
20 info git   '/home/ubuntu/.meteor/packages/meteor-tool/.1.4.2_3.iipa9m++os.linux.x86_64+web.browser+web.cordova/mt-os.linux.x86_64/dev_bundle/.npm/_git-remotes/git-github-com-angular-core-git-667ca82b' ]
21 verbose git clone --template=/home/ubuntu/.meteor/packages/meteor-tool/.1.4.2_3.iipa9m++os.linux.x86_64+web.browser+web.cordova/mt-os.linux.x86_64/dev_bundle/.npm/_git-remotes/_templates --mirror git://github.com/angular/core.git /home/ubuntu/.meteor/packages/meteor-tool/.1.4.2_3.iipa9m++os.linux.x86_64+web.browser+web.cordova/mt-os.linux.x86_64/dev_bundle/.npm/_git-remotes/git-github-com-angular-core-git-667ca82b: Cloning into bare repository '/home/ubuntu/.meteor/packages/meteor-tool/.1.4.2_3.iipa9m++os.linux.x86_64+web.browser+web.cordova/mt-os.linux.x86_64/dev_bundle/.npm/_git-remotes/git-github-com-angular-core-git-667ca82b'...
21 verbose git clone --template=/home/ubuntu/.meteor/packages/meteor-tool/.1.4.2_3.iipa9m++os.linux.x86_64+web.browser+web.cordova/mt-os.linux.x86_64/dev_bundle/.npm/_git-remotes/_templates --mirror git://github.com/angular/core.git /home/ubuntu/.meteor/packages/meteor-tool/.1.4.2_3.iipa9m++os.linux.x86_64+web.browser+web.cordova/mt-os.linux.x86_64/dev_bundle/.npm/_git-remotes/git-github-com-angular-core-git-667ca82b: fatal: remote error:
21 verbose git clone --template=/home/ubuntu/.meteor/packages/meteor-tool/.1.4.2_3.iipa9m++os.linux.x86_64+web.browser+web.cordova/mt-os.linux.x86_64/dev_bundle/.npm/_git-remotes/_templates --mirror git://github.com/angular/core.git /home/ubuntu/.meteor/packages/meteor-tool/.1.4.2_3.iipa9m++os.linux.x86_64+web.browser+web.cordova/mt-os.linux.x86_64/dev_bundle/.npm/_git-remotes/git-github-com-angular-core-git-667ca82b:   Repository not found.
22 silly tryHTTPS attempting to clone git+https://github.com/angular/core.git
23 silly tryClone cloning angular/core via git+https://github.com/angular/core.git
24 verbose tryClone git-https-github-com-angular-core-git-d4915b66 not in flight; caching
25 verbose correctMkdir /home/ubuntu/.meteor/packages/meteor-tool/.1.4.2_3.iipa9m++os.linux.x86_64+web.browser+web.cordova/mt-os.linux.x86_64/dev_bundle/.npm/_git-remotes correctMkdir not in flight; initializing
26 info git [ 'clone',
26 info git   '--template=/home/ubuntu/.meteor/packages/meteor-tool/.1.4.2_3.iipa9m++os.linux.x86_64+web.browser+web.cordova/mt-os.linux.x86_64/dev_bundle/.npm/_git-remotes/_templates',
26 info git   '--mirror',
26 info git   'https://github.com/angular/core.git',
26 info git   '/home/ubuntu/.meteor/packages/meteor-tool/.1.4.2_3.iipa9m++os.linux.x86_64+web.browser+web.cordova/mt-os.linux.x86_64/dev_bundle/.npm/_git-remotes/git-https-github-com-angular-core-git-d4915b66' ]
27 verbose git clone --template=/home/ubuntu/.meteor/packages/meteor-tool/.1.4.2_3.iipa9m++os.linux.x86_64+web.browser+web.cordova/mt-os.linux.x86_64/dev_bundle/.npm/_git-remotes/_templates --mirror https://github.com/angular/core.git /home/ubuntu/.meteor/packages/meteor-tool/.1.4.2_3.iipa9m++os.linux.x86_64+web.browser+web.cordova/mt-os.linux.x86_64/dev_bundle/.npm/_git-remotes/git-https-github-com-angular-core-git-d4915b66: Cloning into bare repository '/home/ubuntu/.meteor/packages/meteor-tool/.1.4.2_3.iipa9m++os.linux.x86_64+web.browser+web.cordova/mt-os.linux.x86_64/dev_bundle/.npm/_git-remotes/git-https-github-com-angular-core-git-d4915b66'...
27 verbose git clone --template=/home/ubuntu/.meteor/packages/meteor-tool/.1.4.2_3.iipa9m++os.linux.x86_64+web.browser+web.cordova/mt-os.linux.x86_64/dev_bundle/.npm/_git-remotes/_templates --mirror https://github.com/angular/core.git /home/ubuntu/.meteor/packages/meteor-tool/.1.4.2_3.iipa9m++os.linux.x86_64+web.browser+web.cordova/mt-os.linux.x86_64/dev_bundle/.npm/_git-remotes/git-https-github-com-angular-core-git-d4915b66: remote: Invalid username or password.
27 verbose git clone --template=/home/ubuntu/.meteor/packages/meteor-tool/.1.4.2_3.iipa9m++os.linux.x86_64+web.browser+web.cordova/mt-os.linux.x86_64/dev_bundle/.npm/_git-remotes/_templates --mirror https://github.com/angular/core.git /home/ubuntu/.meteor/packages/meteor-tool/.1.4.2_3.iipa9m++os.linux.x86_64+web.browser+web.cordova/mt-os.linux.x86_64/dev_bundle/.npm/_git-remotes/git-https-github-com-angular-core-git-d4915b66: fatal: Authentication failed for 'https://github.com/angular/core.git/'
28 silly trySSH attempting to clone git@github.com:angular/core.git
29 silly tryClone cloning angular/core via git@github.com:angular/core.git
30 verbose tryClone git-github-com-angular-core-git-491ea1b8 not in flight; caching
31 verbose correctMkdir /home/ubuntu/.meteor/packages/meteor-tool/.1.4.2_3.iipa9m++os.linux.x86_64+web.browser+web.cordova/mt-os.linux.x86_64/dev_bundle/.npm/_git-remotes correctMkdir not in flight; initializing
32 info git [ 'clone',
32 info git   '--template=/home/ubuntu/.meteor/packages/meteor-tool/.1.4.2_3.iipa9m++os.linux.x86_64+web.browser+web.cordova/mt-os.linux.x86_64/dev_bundle/.npm/_git-remotes/_templates',
32 info git   '--mirror',
32 info git   'git@github.com:angular/core.git',
32 info git   '/home/ubuntu/.meteor/packages/meteor-tool/.1.4.2_3.iipa9m++os.linux.x86_64+web.browser+web.cordova/mt-os.linux.x86_64/dev_bundle/.npm/_git-remotes/git-github-com-angular-core-git-491ea1b8' ]
33 error git clone --template=/home/ubuntu/.meteor/packages/meteor-tool/.1.4.2_3.iipa9m++os.linux.x86_64+web.browser+web.cordova/mt-os.linux.x86_64/dev_bundle/.npm/_git-remotes/_templates --mirror git@github.com:angular/core.git /home/ubuntu/.meteor/packages/meteor-tool/.1.4.2_3.iipa9m++os.linux.x86_64+web.browser+web.cordova/mt-os.linux.x86_64/dev_bundle/.npm/_git-remotes/git-github-com-angular-core-git-491ea1b8: Cloning into bare repository '/home/ubuntu/.meteor/packages/meteor-tool/.1.4.2_3.iipa9m++os.linux.x86_64+web.browser+web.cordova/mt-os.linux.x86_64/dev_bundle/.npm/_git-remotes/git-github-com-angular-core-git-491ea1b8'...
33 error git clone --template=/home/ubuntu/.meteor/packages/meteor-tool/.1.4.2_3.iipa9m++os.linux.x86_64+web.browser+web.cordova/mt-os.linux.x86_64/dev_bundle/.npm/_git-remotes/_templates --mirror git@github.com:angular/core.git /home/ubuntu/.meteor/packages/meteor-tool/.1.4.2_3.iipa9m++os.linux.x86_64+web.browser+web.cordova/mt-os.linux.x86_64/dev_bundle/.npm/_git-remotes/git-github-com-angular-core-git-491ea1b8: Warning: Permanently added 'github.com,192.30.253.113' (RSA) to the list of known hosts.
33 error git clone --template=/home/ubuntu/.meteor/packages/meteor-tool/.1.4.2_3.iipa9m++os.linux.x86_64+web.browser+web.cordova/mt-os.linux.x86_64/dev_bundle/.npm/_git-remotes/_templates --mirror git@github.com:angular/core.git /home/ubuntu/.meteor/packages/meteor-tool/.1.4.2_3.iipa9m++os.linux.x86_64+web.browser+web.cordova/mt-os.linux.x86_64/dev_bundle/.npm/_git-remotes/git-github-com-angular-core-git-491ea1b8: Permission denied (publickey).
33 error git clone --template=/home/ubuntu/.meteor/packages/meteor-tool/.1.4.2_3.iipa9m++os.linux.x86_64+web.browser+web.cordova/mt-os.linux.x86_64/dev_bundle/.npm/_git-remotes/_templates --mirror git@github.com:angular/core.git /home/ubuntu/.meteor/packages/meteor-tool/.1.4.2_3.iipa9m++os.linux.x86_64+web.browser+web.cordova/mt-os.linux.x86_64/dev_bundle/.npm/_git-remotes/git-github-com-angular-core-git-491ea1b8: fatal: Could not read from remote repository.
33 error git clone --template=/home/ubuntu/.meteor/packages/meteor-tool/.1.4.2_3.iipa9m++os.linux.x86_64+web.browser+web.cordova/mt-os.linux.x86_64/dev_bundle/.npm/_git-remotes/_templates --mirror git@github.com:angular/core.git /home/ubuntu/.meteor/packages/meteor-tool/.1.4.2_3.iipa9m++os.linux.x86_64+web.browser+web.cordova/mt-os.linux.x86_64/dev_bundle/.npm/_git-remotes/git-github-com-angular-core-git-491ea1b8:
33 error git clone --template=/home/ubuntu/.meteor/packages/meteor-tool/.1.4.2_3.iipa9m++os.linux.x86_64+web.browser+web.cordova/mt-os.linux.x86_64/dev_bundle/.npm/_git-remotes/_templates --mirror git@github.com:angular/core.git /home/ubuntu/.meteor/packages/meteor-tool/.1.4.2_3.iipa9m++os.linux.x86_64+web.browser+web.cordova/mt-os.linux.x86_64/dev_bundle/.npm/_git-remotes/git-github-com-angular-core-git-491ea1b8: Please make sure you have the correct access rights
33 error git clone --template=/home/ubuntu/.meteor/packages/meteor-tool/.1.4.2_3.iipa9m++os.linux.x86_64+web.browser+web.cordova/mt-os.linux.x86_64/dev_bundle/.npm/_git-remotes/_templates --mirror git@github.com:angular/core.git /home/ubuntu/.meteor/packages/meteor-tool/.1.4.2_3.iipa9m++os.linux.x86_64+web.browser+web.cordova/mt-os.linux.x86_64/dev_bundle/.npm/_git-remotes/git-github-com-angular-core-git-491ea1b8: and the repository exists.
34 silly fetchPackageMetaData Error: Command failed: git clone --template=/home/ubuntu/.meteor/packages/meteor-tool/.1.4.2_3.iipa9m++os.linux.x86_64+web.browser+web.cordova/mt-os.linux.x86_64/dev_bundle/.npm/_git-remotes/_templates --mirror git@github.com:angular/core.git /home/ubuntu/.meteor/packages/meteor-tool/.1.4.2_3.iipa9m++os.linux.x86_64+web.browser+web.cordova/mt-os.linux.x86_64/dev_bundle/.npm/_git-remotes/git-github-com-angular-core-git-491ea1b8
34 silly fetchPackageMetaData Cloning into bare repository '/home/ubuntu/.meteor/packages/meteor-tool/.1.4.2_3.iipa9m++os.linux.x86_64+web.browser+web.cordova/mt-os.linux.x86_64/dev_bundle/.npm/_git-remotes/git-github-com-angular-core-git-491ea1b8'...
34 silly fetchPackageMetaData Warning: Permanently added 'github.com,192.30.253.113' (RSA) to the list of known hosts.
34 silly fetchPackageMetaData Permission denied (publickey).
34 silly fetchPackageMetaData fatal: Could not read from remote repository.
34 silly fetchPackageMetaData
34 silly fetchPackageMetaData Please make sure you have the correct access rights
34 silly fetchPackageMetaData and the repository exists.
34 silly fetchPackageMetaData
34 silly fetchPackageMetaData     at ChildProcess.exithandler (child_process.js:213:12)
34 silly fetchPackageMetaData     at emitTwo (events.js:87:13)
34 silly fetchPackageMetaData     at ChildProcess.emit (events.js:172:7)
34 silly fetchPackageMetaData     at maybeClose (internal/child_process.js:854:16)
34 silly fetchPackageMetaData     at Process.ChildProcess._handle.onexit (internal/child_process.js:222:5)
34 silly fetchPackageMetaData  error for angular/core { [Error: Command failed: git clone --template=/home/ubuntu/.meteor/packages/meteor-tool/.1.4.2_3.iipa9m++os.linux.x86_64+web.browser+web.cordova/mt-os.linux.x86_64/dev_bundle/.npm/_git-remotes/_templates --mirror git@github.com:angular/core.git /home/ubuntu/.meteor/packages/meteor-tool/.1.4.2_3.iipa9m++os.linux.x86_64+web.browser+web.cordova/mt-os.linux.x86_64/dev_bundle/.npm/_git-remotes/git-github-com-angular-core-git-491ea1b8
34 silly fetchPackageMetaData Cloning into bare repository '/home/ubuntu/.meteor/packages/meteor-tool/.1.4.2_3.iipa9m++os.linux.x86_64+web.browser+web.cordova/mt-os.linux.x86_64/dev_bundle/.npm/_git-remotes/git-github-com-angular-core-git-491ea1b8'...
34 silly fetchPackageMetaData Warning: Permanently added 'github.com,192.30.253.113' (RSA) to the list of known hosts.
34 silly fetchPackageMetaData Permission denied (publickey).
34 silly fetchPackageMetaData fatal: Could not read from remote repository.
34 silly fetchPackageMetaData
34 silly fetchPackageMetaData Please make sure you have the correct access rights
34 silly fetchPackageMetaData and the repository exists.
34 silly fetchPackageMetaData ]
34 silly fetchPackageMetaData   killed: false,
34 silly fetchPackageMetaData   code: 128,
34 silly fetchPackageMetaData   signal: null,
34 silly fetchPackageMetaData   cmd: 'git clone --template=/home/ubuntu/.meteor/packages/meteor-tool/.1.4.2_3.iipa9m++os.linux.x86_64+web.browser+web.cordova/mt-os.linux.x86_64/dev_bundle/.npm/_git-remotes/_templates --mirror git@github.com:angular/core.git /home/ubuntu/.meteor/packages/meteor-tool/.1.4.2_3.iipa9m++os.linux.x86_64+web.browser+web.cordova/mt-os.linux.x86_64/dev_bundle/.npm/_git-remotes/git-github-com-angular-core-git-491ea1b8' }
35 silly rollbackFailedOptional Starting
36 silly rollbackFailedOptional Finishing
37 silly runTopLevelLifecycles Finishing
38 silly install printInstalled
39 verbose stack Error: Command failed: git clone --template=/home/ubuntu/.meteor/packages/meteor-tool/.1.4.2_3.iipa9m++os.linux.x86_64+web.browser+web.cordova/mt-os.linux.x86_64/dev_bundle/.npm/_git-remotes/_templates --mirror git@github.com:angular/core.git /home/ubuntu/.meteor/packages/meteor-tool/.1.4.2_3.iipa9m++os.linux.x86_64+web.browser+web.cordova/mt-os.linux.x86_64/dev_bundle/.npm/_git-remotes/git-github-com-angular-core-git-491ea1b8
39 verbose stack Cloning into bare repository '/home/ubuntu/.meteor/packages/meteor-tool/.1.4.2_3.iipa9m++os.linux.x86_64+web.browser+web.cordova/mt-os.linux.x86_64/dev_bundle/.npm/_git-remotes/git-github-com-angular-core-git-491ea1b8'...
39 verbose stack Warning: Permanently added 'github.com,192.30.253.113' (RSA) to the list of known hosts.
39 verbose stack Permission denied (publickey).
39 verbose stack fatal: Could not read from remote repository.
39 verbose stack
39 verbose stack Please make sure you have the correct access rights
39 verbose stack and the repository exists.
39 verbose stack
39 verbose stack     at ChildProcess.exithandler (child_process.js:213:12)
39 verbose stack     at emitTwo (events.js:87:13)
39 verbose stack     at ChildProcess.emit (events.js:172:7)
39 verbose stack     at maybeClose (internal/child_process.js:854:16)
39 verbose stack     at Process.ChildProcess._handle.onexit (internal/child_process.js:222:5)
40 verbose cwd /home/ubuntu/workspace/seekingbeta1
41 error Linux 4.2.0-c9
42 error argv "/home/ubuntu/.meteor/packages/meteor-tool/.1.4.2_3.iipa9m++os.linux.x86_64+web.browser+web.cordova/mt-os.linux.x86_64/dev_bundle/bin/node" "/home/ubuntu/.meteor/packages/meteor-tool/.1.4.2_3.iipa9m++os.linux.x86_64+web.browser+web.cordova/mt-os.linux.x86_64/dev_bundle/bin/npm" "install" "angular/core"
43 error node v4.6.2
44 error npm  v3.10.9
45 error code 128
46 error Command failed: git clone --template=/home/ubuntu/.meteor/packages/meteor-tool/.1.4.2_3.iipa9m++os.linux.x86_64+web.browser+web.cordova/mt-os.linux.x86_64/dev_bundle/.npm/_git-remotes/_templates --mirror git@github.com:angular/core.git /home/ubuntu/.meteor/packages/meteor-tool/.1.4.2_3.iipa9m++os.linux.x86_64+web.browser+web.cordova/mt-os.linux.x86_64/dev_bundle/.npm/_git-remotes/git-github-com-angular-core-git-491ea1b8
46 error Cloning into bare repository '/home/ubuntu/.meteor/packages/meteor-tool/.1.4.2_3.iipa9m++os.linux.x86_64+web.browser+web.cordova/mt-os.linux.x86_64/dev_bundle/.npm/_git-remotes/git-github-com-angular-core-git-491ea1b8'...
46 error Warning: Permanently added 'github.com,192.30.253.113' (RSA) to the list of known hosts.
46 error Permission denied (publickey).
46 error fatal: Could not read from remote repository.
46 error
46 error Please make sure you have the correct access rights
46 error and the repository exists.
47 error If you need help, you may report this error at:
47 error     <https://github.com/npm/npm/issues>
48 verbose exit [ 1, true ]
